2018-11-07 03:39:45 [::1][-][1i2eb4h0bj8oin9rv9tsl0a5l8][error][yii\base\ErrorException:8] yii\base\ErrorException: Undefined variable: ar in D:\xampp\htdocs\cctwebsystem2019\web_pmu\views\site\index.php:53
Stack trace:
#0 D:\xampp\htdocs\cctwebsystem2019\web_pmu\views\site\index.php(53): yii\base\ErrorHandler->handleError(8, 'Undefined varia...', 'D:\\xampp\\htdocs...', 53, Array)
#1 D:\xampp\htdocs\cctwebsystem2019\vendor\yiisoft\yii2\base\View.php(336): require('D:\\xampp\\htdocs...')
#2 D:\xampp\htdocs\cctwebsystem2019\vendor\yiisoft\yii2\base\View.php(254): yii\base\View->renderPhpFile('D:\\xampp\\htdocs...', Array)
#3 D:\xampp\htdocs\cctwebsystem2019\vendor\yiisoft\yii2\base\View.php(156): yii\base\View->renderFile('D:\\xampp\\htdocs...', Array, Object(web_pmu\controllers\SiteController))
#4 D:\xampp\htdocs\cctwebsystem2019\vendor\yiisoft\yii2\base\Controller.php(384): yii\base\View->render('index', Array, Object(web_pmu\controllers\SiteController))
#5 D:\xampp\htdocs\cctwebsystem2019\web_pmu\controllers\SiteController.php(91): yii\base\Controller->render('index', Array)
#6 [internal function]: web_pmu\controllers\SiteController->actionIndex()
#7 D:\xampp\htdocs\cctwebsystem2019\vendor\yiisoft\yii2\base\InlineAction.php(57): call_user_func_array(Array, Array)
#8 D:\xampp\htdocs\cctwebsystem2019\vendor\yiisoft\yii2\base\Controller.php(157): yii\base\InlineAction->runWithParams(Array)
#9 D:\xampp\htdocs\cctwebsystem2019\vendor\yiisoft\yii2\base\Module.php(528): yii\base\Controller->runAction('index', Array)
#10 D:\xampp\htdocs\cctwebsystem2019\vendor\yiisoft\yii2\web\Application.php(103): yii\base\Module->runAction('site/index', Array)
#11 D:\xampp\htdocs\cctwebsystem2019\vendor\yiisoft\yii2\base\Application.php(386): yii\web\Application->handleRequest(Object(yii\web\Request))
#12 D:\xampp\htdocs\cctwebsystem2019\web_pmu\web\index.php(17): yii\base\Application->run()
#13 {main}
2018-11-07 03:39:44 [::1][-][1i2eb4h0bj8oin9rv9tsl0a5l8][info][application] $_GET = [
    'r' => 'site/index'
]

$_POST = []

$_FILES = []

$_COOKIE = [
    'advanced-frontend' => '1i2eb4h0bj8oin9rv9tsl0a5l8'
    '_csrf-frontend' => 'a06729c306e97f839ac26ac83be04a5cb3d8f893fdfc52f61fe920192ad44c85a:2:{i:0;s:14:\"_csrf-frontend\";i:1;s:32:\"nWi6hdlrNIlM9c4gmCYCXu5yGmBuKWvi\";}'
]

$_SESSION = [
    '__flash' => []
]

$_SERVER = [
    'MIBDIRS' => 'D:/xampp/php/extras/mibs'
    'MYSQL_HOME' => '\\xampp\\mysql\\bin'
    'OPENSSL_CONF' => 'D:/xampp/apache/bin/openssl.cnf'
    'PHP_PEAR_SYSCONF_DIR' => '\\xampp\\php'
    'PHPRC' => '\\xampp\\php'
    'TMP' => '\\xampp\\tmp'
    'HTTP_HOST' => 'localhost'
    'HTTP_CONNECTION' => 'keep-alive'
    'HTTP_CACHE_CONTROL' => 'max-age=0'
    'HTTP_UPGRADE_INSECURE_REQUESTS' => '1'
    'HTTP_USER_AGENT' => 'Mozilla/5.0 (Windows NT 6.1) AppleWebKit/537.36 (KHTML, like Gecko) Chrome/70.0.3538.77 Safari/537.36'
    'HTTP_DNT' => '1'
    'HTTP_ACCEPT' => 'text/html,application/xhtml+xml,application/xml;q=0.9,image/webp,image/apng,*/*;q=0.8'
    'HTTP_REFERER' => 'http://localhost/cctwebsystem2019/web_pmu/web/index.php?r=site%2Findex'
    'HTTP_ACCEPT_ENCODING' => 'gzip, deflate, br'
    'HTTP_ACCEPT_LANGUAGE' => 'th-TH,th;q=0.9'
    'HTTP_COOKIE' => 'advanced-frontend=1i2eb4h0bj8oin9rv9tsl0a5l8; _csrf-frontend=a06729c306e97f839ac26ac83be04a5cb3d8f893fdfc52f61fe920192ad44c85a%3A2%3A%7Bi%3A0%3Bs%3A14%3A%22_csrf-frontend%22%3Bi%3A1%3Bs%3A32%3A%22nWi6hdlrNIlM9c4gmCYCXu5yGmBuKWvi%22%3B%7D'
    'PATH' => 'C:\\Windows\\system32;C:\\Windows;C:\\Windows\\System32\\Wbem;C:\\Windows\\System32\\WindowsPowerShell\\v1.0\\;C:\\Program Files\\ATI Technologies\\ATI.ACE\\Core-Static;C:\\Program Files\\Microsoft SQL Server\\110\\Tools\\Binn\\;C:\\Program Files\\IBM\\SPSS\\Statistics\\22\\JRE\\bin;D:\\xampp\\php;D:\\xampp\\htdocs;D:\\Program files;C:\\Program Files\\MySQL\\MySQL Utilities 1.6\\;E:\\Microsoft VS Code\\bin;C:\\Program Files\\Git\\cmd;C:\\Users\\lKittyzaa\\AppData\\Roaming\\Composer\\vendor\\bin'
    'SystemRoot' => 'C:\\Windows'
    'COMSPEC' => 'C:\\Windows\\system32\\cmd.exe'
    'PATHEXT' => '.COM;.EXE;.BAT;.CMD;.VBS;.VBE;.JS;.JSE;.WSF;.WSH;.MSC'
    'WINDIR' => 'C:\\Windows'
    'SERVER_SIGNATURE' => '<address>Apache/2.4.33 (Win32) OpenSSL/1.1.0h PHP/7.2.7 Server at localhost Port 80</address>
'
    'SERVER_SOFTWARE' => 'Apache/2.4.33 (Win32) OpenSSL/1.1.0h PHP/7.2.7'
    'SERVER_NAME' => 'localhost'
    'SERVER_ADDR' => '::1'
    'SERVER_PORT' => '80'
    'REMOTE_ADDR' => '::1'
    'DOCUMENT_ROOT' => 'D:/xampp/htdocs'
    'REQUEST_SCHEME' => 'http'
    'CONTEXT_PREFIX' => ''
    'CONTEXT_DOCUMENT_ROOT' => 'D:/xampp/htdocs'
    'SERVER_ADMIN' => 'postmaster@localhost'
    'SCRIPT_FILENAME' => 'D:/xampp/htdocs/cctwebsystem2019/web_pmu/web/index.php'
    'REMOTE_PORT' => '49461'
    'GATEWAY_INTERFACE' => 'CGI/1.1'
    'SERVER_PROTOCOL' => 'HTTP/1.1'
    'REQUEST_METHOD' => 'GET'
    'QUERY_STRING' => 'r=site%2Findex'
    'REQUEST_URI' => '/cctwebsystem2019/web_pmu/web/index.php?r=site%2Findex'
    'SCRIPT_NAME' => '/cctwebsystem2019/web_pmu/web/index.php'
    'PHP_SELF' => '/cctwebsystem2019/web_pmu/web/index.php'
    'REQUEST_TIME_FLOAT' => 1541558384.724
    'REQUEST_TIME' => 1541558384
]
